{"numFailedTestSuites":0,"numFailedTests":0,"numPassedTestSuites":1,"numPassedTests":17,"numPendingTestSuites":0,"numPendingTests":0,"numRuntimeErrorTestSuites":0,"numTodoTests":0,"numTotalTestSuites":1,"numTotalTests":17,"openHandles":[],"snapshot":{"added":0,"didUpdate":false,"failure":false,"filesAdded":0,"filesRemoved":0,"filesRemovedList":[],"filesUnmatched":0,"filesUpdated":0,"matched":0,"total":0,"unchecked":0,"uncheckedKeysByFile":[],"unmatched":0,"updated":0},"startTime":1776317412913,"success":true,"testResults":[{"assertionResults":[{"ancestorTitles":["BRD metadata and document structure regressions"],"duration":277,"failing":false,"failureDetails":[],"failureMessages":[],"fullName":"BRD metadata and document structure regressions shows metadata images after upload even when the extractor saved them with an unknown section","invocations":1,"location":null,"numPassingAsserts":1,"retryReasons":[],"startAt":1776317417383,"status":"passed","title":"shows metadata images after upload even when the extractor saved them with an unknown section"},{"ancestorTitles":["BRD metadata and document structure regressions"],"duration":111,"failing":false,"failureDetails":[],"failureMessages":[],"fullName":"BRD metadata and document structure regressions shows metadata images even when legacy row indexes are offset by extra header rows","invocations":1,"location":null,"numPassingAsserts":1,"retryReasons":[],"startAt":1776317417662,"status":"passed","title":"shows metadata images even when legacy row indexes are offset by extra header rows"},{"ancestorTitles":["BRD metadata and document structure regressions"],"duration":179,"failing":false,"failureDetails":[],"failureMessages":[],"fullName":"BRD metadata and document structure regressions does not show the redundant process type panel in Metadata","invocations":1,"location":null,"numPassingAsserts":2,"retryReasons":[],"startAt":1776317417774,"status":"passed","title":"does not show the redundant process type panel in Metadata"},{"ancestorTitles":["BRD metadata and document structure regressions"],"duration":640,"failing":false,"failureDetails":[],"failureMessages":[],"fullName":"BRD metadata and document structure regressions shows uploaded metadata images in the Generate step after processing","invocations":1,"location":null,"numPassingAsserts":1,"retryReasons":[],"startAt":1776317417953,"status":"passed","title":"shows uploaded metadata images in the Generate step after processing"},{"ancestorTitles":["BRD metadata and document structure regressions"],"duration":355,"failing":false,"failureDetails":[],"failureMessages":[],"fullName":"BRD metadata and document structure regressions does not display uploaded images inside Content Profiling in the Generate step","invocations":1,"location":null,"numPassingAsserts":2,"retryReasons":[],"startAt":1776317418594,"status":"passed","title":"does not display uploaded images inside Content Profiling in the Generate step"},{"ancestorTitles":["BRD metadata and document structure regressions"],"duration":99,"failing":false,"failureDetails":[],"failureMessages":[],"fullName":"BRD metadata and document structure regressions adds level 0 and level 1 rows to the document structure when the uploaded BRD starts at level 2","invocations":1,"location":null,"numPassingAsserts":3,"retryReasons":[],"startAt":1776317418952,"status":"passed","title":"adds level 0 and level 1 rows to the document structure when the uploaded BRD starts at level 2"},{"ancestorTitles":["BRD metadata and document structure regressions"],"duration":52,"failing":false,"failureDetails":[],"failureMessages":[],"fullName":"BRD metadata and document structure regressions decodes quoted HTML entities in document structure fields","invocations":1,"location":null,"numPassingAsserts":3,"retryReasons":[],"startAt":1776317419052,"status":"passed","title":"decodes quoted HTML entities in document structure fields"},{"ancestorTitles":["BRD metadata and document structure regressions"],"duration":46,"failing":false,"failureDetails":[],"failureMessages":[],"fullName":"BRD metadata and document structure regressions preserves red bold italic formatting in document structure cells","invocations":1,"location":null,"numPassingAsserts":3,"retryReasons":[],"startAt":1776317419106,"status":"passed","title":"preserves red bold italic formatting in document structure cells"},{"ancestorTitles":["BRD metadata and document structure regressions"],"duration":46,"failing":false,"failureDetails":[],"failureMessages":[],"fullName":"BRD metadata and document structure regressions renders citation guide checkpoint and owner links without exposing raw HTML","invocations":1,"location":null,"numPassingAsserts":5,"retryReasons":[],"startAt":1776317419153,"status":"passed","title":"renders citation guide checkpoint and owner links without exposing raw HTML"},{"ancestorTitles":["BRD metadata and document structure regressions"],"duration":260,"failing":false,"failureDetails":[],"failureMessages":[],"fullName":"BRD metadata and document structure regressions shows the citation guide checkpoint as a separate section block in the review screen","invocations":1,"location":null,"numPassingAsserts":4,"retryReasons":[],"startAt":1776317419200,"status":"passed","title":"shows the citation guide checkpoint as a separate section block in the review screen"},{"ancestorTitles":["BRD metadata and document structure regressions"],"duration":49,"failing":false,"failureDetails":[],"failureMessages":[],"fullName":"BRD metadata and document structure regressions supports keyboard shortcuts for adding and deleting citation guide rows","invocations":1,"location":null,"numPassingAsserts":3,"retryReasons":[],"startAt":1776317419461,"status":"passed","title":"supports keyboard shortcuts for adding and deleting citation guide rows"},{"ancestorTitles":["BRD metadata and document structure regressions"],"duration":43,"failing":false,"failureDetails":[],"failureMessages":[],"fullName":"BRD metadata and document structure regressions lets imported citation guide fields be edited or removed without snapping back","invocations":1,"location":null,"numPassingAsserts":2,"retryReasons":[],"startAt":1776317419511,"status":"passed","title":"lets imported citation guide fields be edited or removed without snapping back"},{"ancestorTitles":["BRD metadata and document structure regressions"],"duration":506,"failing":false,"failureDetails":[],"failureMessages":[],"fullName":"BRD metadata and document structure regressions renders scope checkpoint images and preserves red bold scope text in the review screen","invocations":1,"location":null,"numPassingAsserts":5,"retryReasons":[],"startAt":1776317419555,"status":"passed","title":"renders scope checkpoint images and preserves red bold scope text in the review screen"},{"ancestorTitles":["BRD metadata and document structure regressions"],"duration":85,"failing":false,"failureDetails":[],"failureMessages":[],"fullName":"BRD metadata and document structure regressions preserves rich-text scope links in the editable scope table","invocations":1,"location":null,"numPassingAsserts":1,"retryReasons":[],"startAt":1776317420064,"status":"passed","title":"preserves rich-text scope links in the editable scope table"},{"ancestorTitles":["BRD metadata and document structure regressions"],"duration":75,"failing":false,"failureDetails":[],"failureMessages":[],"fullName":"BRD metadata and document structure regressions allows citation SME checkpoint text to be cleared and propagated","invocations":1,"location":null,"numPassingAsserts":2,"retryReasons":[],"startAt":1776317420151,"status":"passed","title":"allows citation SME checkpoint text to be cleared and propagated"},{"ancestorTitles":["BRD metadata and document structure regressions"],"duration":33,"failing":false,"failureDetails":[],"failureMessages":[],"fullName":"BRD metadata and document structure regressions shows plain text in the SME checkpoint editor even when the source value contains BRD HTML","invocations":1,"location":null,"numPassingAsserts":1,"retryReasons":[],"startAt":1776317420227,"status":"passed","title":"shows plain text in the SME checkpoint editor even when the source value contains BRD HTML"},{"ancestorTitles":["BRD metadata and document structure regressions"],"duration":257,"failing":false,"failureDetails":[],"failureMessages":[],"fullName":"BRD metadata and document structure regressions shows the citable column and values in the Generate review screen","invocations":1,"location":null,"numPassingAsserts":3,"retryReasons":[],"startAt":1776317420262,"status":"passed","title":"shows the citable column and values in the Generate review screen"}],"endTime":1776317420522,"message":"","name":"C:\\Users\\T7I\\Documents\\GitHub\\structo-Web-based-tool\\frontend\\src\\__tests__\\brdMetadataAndTocRegression.test.tsx","startTime":1776317414810,"status":"passed","summary":""}],"wasInterrupted":false}
