TN:
SF:src\lib\notify.ts
FN:6,createNotification
FN:26,notifyMany
FN:34,(anonymous_3)
FNF:3
FNH:3
FNDA:8,createNotification
FNDA:4,notifyMany
FNDA:5,(anonymous_3)
DA:1,2
DA:6,2
DA:13,8
DA:14,8
DA:17,8
DA:22,1
DA:26,2
DA:33,4
DA:34,5
LF:9
LH:9
BRDA:14,0,0,3
BRDA:14,0,1,5
BRF:2
BRH:2
end_of_record
TN:
SF:src\lib\password-policy.ts
FN:11,validatePasswordPolicy
FN:24,generateCompliantPassword
FNF:2
FNH:0
FNDA:0,validatePasswordPolicy
FNDA:0,generateCompliantPassword
DA:1,1
DA:9,1
DA:11,1
DA:12,0
DA:13,0
DA:16,0
DA:17,0
DA:18,0
DA:21,0
DA:24,1
DA:27,0
DA:28,0
DA:29,0
DA:30,0
DA:32,0
DA:33,0
DA:34,0
DA:37,0
DA:40,0
DA:41,0
DA:42,0
DA:45,0
LF:22
LH:4
BRDA:12,0,0,0
BRDA:12,0,1,0
BRDA:12,1,0,0
BRDA:12,1,1,0
BRDA:16,2,0,0
BRDA:16,2,1,0
BRDA:17,3,0,0
BRDA:17,3,1,0
BRDA:25,4,0,0
BRF:9
BRH:0
end_of_record
TN:
SF:src\middleware\authenticate.ts
FN:13,(anonymous_1)
FNF:1
FNH:1
FNDA:19,(anonymous_1)
DA:2,3
DA:13,3
DA:18,19
DA:19,19
DA:20,19
DA:21,3
DA:24,16
DA:25,15
DA:26,15
DA:28,1
LF:10
LH:10
BRDA:20,0,0,3
BRDA:20,0,1,16
BRF:2
BRH:2
end_of_record
TN:
SF:src\middleware\authorize.ts
FN:4,(anonymous_0)
FN:5,(anonymous_1)
FNF:2
FNH:2
FNDA:2,(anonymous_0)
FNDA:4,(anonymous_1)
DA:4,1
DA:5,2
DA:6,4
DA:7,0
DA:10,4
DA:11,0
DA:16,4
LF:7
LH:5
BRDA:6,0,0,0
BRDA:6,0,1,4
BRDA:10,1,0,0
BRDA:10,1,1,4
BRF:4
BRH:2
end_of_record
TN:
SF:src\middleware\rateLimits.ts
FN:24,(anonymous_9)
FN:37,(anonymous_10)
FN:62,(anonymous_11)
FNF:3
FNH:0
FNDA:0,(anonymous_9)
FNDA:0,(anonymous_10)
FNDA:0,(anonymous_11)
DA:1,1
DA:7,1
DA:19,1
DA:24,0
DA:32,1
DA:37,0
DA:45,1
DA:57,1
DA:62,0
LF:9
LH:6
BRDA:24,0,0,0
BRDA:24,0,1,0
BRDA:37,1,0,0
BRDA:37,1,1,0
BRDA:62,2,0,0
BRDA:62,2,1,0
BRF:6
BRH:0
end_of_record
TN:
SF:src\routes\auth.ts
FN:17,policySlug
FN:21,defaultTeamRoleFeatures
FN:114,(anonymous_3)
FN:221,(anonymous_4)
FN:276,(anonymous_5)
FN:367,(anonymous_6)
FNF:6
FNH:1
FNDA:0,policySlug
FNDA:0,defaultTeamRoleFeatures
FNDA:4,(anonymous_3)
FNDA:0,(anonymous_4)
FNDA:0,(anonymous_5)
FNDA:0,(anonymous_6)
DA:1,1
DA:2,1
DA:3,1
DA:4,1
DA:5,1
DA:6,1
DA:7,1
DA:13,1
DA:15,1
DA:18,0
DA:24,0
DA:26,0
DA:27,0
DA:45,0
DA:46,0
DA:64,0
DA:65,0
DA:84,0
DA:97,1
DA:103,1
DA:114,1
DA:115,4
DA:116,4
DA:117,4
DA:119,4
DA:120,2
DA:125,2
DA:126,0
DA:131,2
DA:135,2
DA:137,2
DA:138,0
DA:145,2
DA:146,2
DA:154,2
DA:155,1
DA:158,1
DA:159,1
DA:164,0
DA:165,0
DA:166,0
DA:170,0
DA:171,0
DA:172,0
DA:173,0
DA:179,0
DA:184,0
DA:192,0
DA:202,0
DA:215,0
DA:216,0
DA:221,1
DA:222,0
DA:223,0
DA:239,0
DA:240,0
DA:243,0
DA:244,0
DA:245,0
DA:246,0
DA:250,0
DA:257,0
DA:261,0
DA:263,0
DA:264,0
DA:273,1
DA:277,0
DA:278,0
DA:279,0
DA:281,0
DA:282,0
DA:285,0
DA:286,0
DA:287,0
DA:290,0
DA:291,0
DA:292,0
DA:298,0
DA:302,0
DA:303,0
DA:306,0
DA:307,0
DA:313,0
DA:314,0
DA:320,0
DA:326,0
DA:327,0
DA:328,0
DA:334,0
DA:335,0
DA:337,0
DA:347,0
DA:355,0
DA:357,0
DA:358,0
DA:364,1
DA:368,0
DA:369,0
DA:370,0
DA:372,0
DA:373,0
DA:376,0
DA:377,0
DA:378,0
DA:383,0
DA:387,0
DA:388,0
DA:391,0
DA:392,0
DA:397,0
DA:398,0
DA:399,0
DA:401,0
DA:411,0
DA:419,0
DA:425,0
DA:426,0
DA:431,1
LF:118
LH:31
BRDA:26,0,0,0
BRDA:26,0,1,0
BRDA:45,1,0,0
BRDA:45,1,1,0
BRDA:64,2,0,0
BRDA:64,2,1,0
BRDA:117,3,0,4
BRDA:117,3,1,1
BRDA:119,4,0,2
BRDA:119,4,1,2
BRDA:119,5,0,4
BRDA:119,5,1,3
BRDA:125,6,0,0
BRDA:125,6,1,2
BRDA:132,7,0,2
BRDA:132,7,1,2
BRDA:137,8,0,0
BRDA:137,8,1,2
BRDA:145,9,0,2
BRDA:145,9,1,0
BRDA:154,10,0,1
BRDA:154,10,1,1
BRDA:158,11,0,1
BRDA:158,11,1,0
BRDA:165,12,0,0
BRDA:165,12,1,0
BRDA:172,13,0,0
BRDA:172,13,1,0
BRDA:211,14,0,0
BRDA:211,14,1,0
BRDA:239,15,0,0
BRDA:239,15,1,0
BRDA:244,16,0,0
BRDA:244,16,1,0
BRDA:246,17,0,0
BRDA:246,17,1,0
BRDA:247,18,0,0
BRDA:247,18,1,0
BRDA:247,18,2,0
BRDA:258,19,0,0
BRDA:258,19,1,0
BRDA:281,20,0,0
BRDA:281,20,1,0
BRDA:285,21,0,0
BRDA:285,21,1,0
BRDA:286,22,0,0
BRDA:286,22,1,0
BRDA:291,23,0,0
BRDA:291,23,1,0
BRDA:302,24,0,0
BRDA:302,24,1,0
BRDA:306,25,0,0
BRDA:306,25,1,0
BRDA:313,26,0,0
BRDA:313,26,1,0
BRDA:327,27,0,0
BRDA:327,27,1,0
BRDA:372,28,0,0
BRDA:372,28,1,0
BRDA:377,29,0,0
BRDA:377,29,1,0
BRDA:387,30,0,0
BRDA:387,30,1,0
BRDA:391,31,0,0
BRDA:391,31,1,0
BRF:65
BRH:14
end_of_record
TN:
SF:src\routes\notifications.ts
FN:9,(anonymous_1)
FN:35,(anonymous_2)
FN:65,(anonymous_3)
FN:86,(anonymous_4)
FNF:4
FNH:4
FNDA:1,(anonymous_1)
FNDA:3,(anonymous_2)
FNDA:1,(anonymous_3)
FNDA:1,(anonymous_4)
DA:1,1
DA:2,1
DA:3,1
DA:5,1
DA:9,1
DA:10,1
DA:11,1
DA:13,1
DA:19,1
DA:23,1
DA:25,0
DA:26,0
DA:32,1
DA:36,3
DA:37,3
DA:38,3
DA:40,3
DA:44,3
DA:45,2
DA:47,1
DA:52,1
DA:54,0
DA:55,0
DA:62,1
DA:66,1
DA:67,1
DA:69,1
DA:74,1
DA:76,0
DA:77,0
DA:83,1
DA:87,1
DA:88,1
DA:89,1
DA:91,1
DA:95,1
DA:96,1
DA:98,1
DA:99,1
DA:101,0
DA:102,0
DA:107,1
LF:42
LH:34
BRDA:44,0,0,1
BRDA:44,0,1,2
BRDA:45,1,0,1
BRDA:45,1,1,1
BRDA:95,2,0,0
BRDA:95,2,1,1
BRDA:96,3,0,0
BRDA:96,3,1,1
BRF:8
BRH:6
end_of_record
TN:
SF:src\routes\task.ts
FN:10,(anonymous_10)
FN:76,(anonymous_11)
FN:139,(anonymous_12)
FN:188,(anonymous_13)
FN:207,(anonymous_14)
FN:254,(anonymous_15)
FN:283,(anonymous_16)
FN:310,(anonymous_17)
FN:311,(anonymous_18)
FN:314,(anonymous_19)
FN:336,(anonymous_20)
FN:370,(anonymous_21)
FNF:12
FNH:8
FNDA:1,(anonymous_10)
FNDA:4,(anonymous_11)
FNDA:1,(anonymous_12)
FNDA:0,(anonymous_13)
FNDA:0,(anonymous_14)
FNDA:2,(anonymous_15)
FNDA:2,(anonymous_16)
FNDA:1,(anonymous_17)
FNDA:1,(anonymous_18)
FNDA:1,(anonymous_19)
FNDA:0,(anonymous_20)
FNDA:0,(anonymous_21)
DA:1,1
DA:2,1
DA:3,1
DA:4,1
DA:5,1
DA:7,1
DA:10,1
DA:11,1
DA:12,1
DA:13,1
DA:15,1
DA:17,1
DA:22,0
DA:23,1
DA:24,1
DA:28,1
DA:29,1
DA:31,0
DA:33,0
DA:35,0
DA:38,1
DA:64,1
DA:66,0
DA:67,0
DA:72,1
DA:77,4
DA:78,4
DA:79,4
DA:80,4
DA:82,4
DA:83,1
DA:86,3
DA:91,1
DA:96,2
DA:97,1
DA:100,1
DA:101,1
DA:102,1
DA:106,1
DA:108,0
DA:112,0
DA:115,1
DA:116,0
DA:121,1
DA:122,0
DA:125,0
DA:126,0
DA:130,1
DA:139,1
DA:159,1
DA:168,1
DA:176,1
DA:178,0
DA:179,0
DA:185,1
DA:189,0
DA:190,0
DA:191,0
DA:192,0
DA:193,0
DA:195,0
DA:200,0
DA:202,0
DA:207,0
DA:208,0
DA:209,0
DA:215,0
DA:216,0
DA:217,0
DA:218,0
DA:222,0
DA:224,0
DA:226,0
DA:227,0
DA:229,0
DA:234,0
DA:242,0
DA:244,0
DA:245,0
DA:251,1
DA:255,2
DA:256,2
DA:258,2
DA:259,2
DA:261,1
DA:271,1
DA:273,0
DA:274,0
DA:280,1
DA:284,2
DA:285,2
DA:286,2
DA:287,2
DA:289,2
DA:290,1
DA:293,1
DA:297,1
DA:299,1
DA:309,1
DA:310,1
DA:311,1
DA:313,1
DA:314,2
DA:315,1
DA:324,1
DA:326,0
DA:327,0
DA:333,1
DA:337,0
DA:338,0
DA:339,0
DA:340,0
DA:342,0
DA:345,0
DA:348,0
DA:352,0
DA:353,0
DA:356,0
DA:357,0
DA:359,0
DA:360,0
DA:366,1
DA:371,0
DA:372,0
DA:374,0
DA:377,0
DA:379,0
DA:381,0
DA:383,0
DA:384,0
DA:389,1
LF:131
LH:68
BRDA:17,0,0,0
BRDA:17,0,1,1
BRDA:18,1,0,1
BRDA:18,1,1,1
BRDA:18,1,2,1
BRDA:23,2,0,1
BRDA:23,2,1,0
BRDA:28,3,0,1
BRDA:28,3,1,0
BRDA:33,4,0,0
BRDA:33,4,1,0
BRDA:82,5,0,1
BRDA:82,5,1,3
BRDA:82,6,0,4
BRDA:82,6,1,3
BRDA:86,7,0,1
BRDA:86,7,1,2
BRDA:87,8,0,3
BRDA:87,8,1,3
BRDA:87,8,2,3
BRDA:96,9,0,1
BRDA:96,9,1,1
BRDA:101,10,0,1
BRDA:101,10,1,0
BRDA:106,11,0,1
BRDA:106,11,1,0
BRDA:112,12,0,0
BRDA:112,12,1,0
BRDA:115,13,0,0
BRDA:115,13,1,1
BRDA:121,14,0,0
BRDA:121,14,1,1
BRDA:125,15,0,0
BRDA:125,15,1,0
BRDA:133,16,0,1
BRDA:133,16,1,1
BRDA:136,17,0,1
BRDA:136,17,1,1
BRDA:137,18,0,0
BRDA:137,18,1,1
BRDA:200,19,0,0
BRDA:200,19,1,0
BRDA:202,20,0,0
BRDA:202,20,1,0
BRDA:203,21,0,0
BRDA:203,21,1,0
BRDA:203,21,2,0
BRDA:208,22,0,0
BRDA:208,22,1,0
BRDA:216,23,0,0
BRDA:216,23,1,0
BRDA:217,24,0,0
BRDA:217,24,1,0
BRDA:217,25,0,0
BRDA:217,25,1,0
BRDA:224,26,0,0
BRDA:224,26,1,0
BRDA:226,27,0,0
BRDA:226,27,1,0
BRDA:227,28,0,0
BRDA:227,28,1,0
BRDA:227,29,0,0
BRDA:227,29,1,0
BRDA:238,30,0,0
BRDA:238,30,1,0
BRDA:259,31,0,1
BRDA:259,31,1,1
BRDA:289,32,0,1
BRDA:289,32,1,1
BRDA:289,33,0,2
BRDA:289,33,1,2
BRDA:297,34,0,0
BRDA:297,34,1,1
BRDA:313,35,0,1
BRDA:313,35,1,0
BRDA:345,36,0,0
BRDA:345,36,1,0
BRDA:348,37,0,0
BRDA:348,37,1,0
BRDA:348,37,2,0
BRDA:352,38,0,0
BRDA:352,38,1,0
BRDA:377,39,0,0
BRDA:377,39,1,0
BRF:84
BRH:34
end_of_record
